<?xml version="1.0" encoding="UTF-8"?>
<!-- Generated by org.testng.reporters.JUnitReportReporter -->
<testsuite skipped="0" hostname="DESKTOP-13SH4JS" name="com.crmSDETCalenderDynamicPath.HandlingCalender" tests="1" failures="0" timestamp="2021-11-29T11:04:50 IST" time="0.046" errors="0">
  <testcase name="handleCalender" time="0.046" classname="com.crmSDETCalenderDynamicPath.HandlingCalender"/>
  <system-out/>
</testsuite> <!-- com.crmSDETCalenderDynamicPath.HandlingCalender -->
