<?xml version="1.0" encoding="UTF-8"?>
<!-- Generated by org.testng.reporters.JUnitReportReporter -->
<testsuite skipped="0" hostname="DESKTOP-13SH4JS" name="com.crmSDETExcel.ReadMultipleDataExcel" tests="5" failures="0" timestamp="2021-11-26T14:16:37 IST" time="0.035" errors="0">
  <testcase name="getData" time="0.004" classname="com.crmSDETExcel.ReadMultipleDataExcel"/>
  <system-out/>
  <testcase name="getData" time="0.002" classname="com.crmSDETExcel.ReadMultipleDataExcel"/>
  <system-out/>
  <testcase name="getData" time="0.019" classname="com.crmSDETExcel.ReadMultipleDataExcel"/>
  <system-out/>
  <testcase name="getData" time="0.003" classname="com.crmSDETExcel.ReadMultipleDataExcel"/>
  <system-out/>
  <testcase name="getData" time="0.007" classname="com.crmSDETExcel.ReadMultipleDataExcel"/>
  <system-out/>
</testsuite> <!-- com.crmSDETExcel.ReadMultipleDataExcel -->
