<?xml version="1.0" encoding="UTF-8"?>
<!-- Generated by org.testng.reporters.JUnitReportReporter -->
<testsuite skipped="0" hostname="DESKTOP-13SH4JS" name="com.comcastSDETTest.CreateContact" tests="1" failures="0" timestamp="2021-12-03T22:04:42 IST" time="26.567" errors="0">
  <testcase name="createContact" time="26.567" classname="com.comcastSDETTest.CreateContact"/>
  <system-out/>
</testsuite> <!-- com.comcastSDETTest.CreateContact -->
