<?xml version="1.0" encoding="UTF-8"?>
<!-- Generated by org.testng.reporters.JUnitReportReporter -->
<testsuite skipped="0" hostname="DESKTOP-13SH4JS" name="com.crmSDETExcel.GetExcelData" tests="1" failures="0" timestamp="2021-11-23T20:48:18 IST" time="1.080" errors="0">
  <testcase name="readExcelData" time="1.080" classname="com.crmSDETExcel.GetExcelData"/>
  <system-out/>
</testsuite> <!-- com.crmSDETExcel.GetExcelData -->
