<?xml version="1.0" encoding="UTF-8"?>
<!-- Generated by org.testng.reporters.JUnitReportReporter -->
<testsuite hostname="DESKTOP-13SH4JS" failures="0" tests="1" name="com.crmSDET.createOrganizatiion" time="20.584" errors="0" timestamp="2021-11-20T23:36:13 IST" skipped="0">
  <testcase classname="com.crmSDET.createOrganizatiion" name="Organisation" time="20.584"/>
  <system-out/>
</testsuite> <!-- com.crmSDET.createOrganizatiion -->
