<?xml version="1.0" encoding="UTF-8"?>
<!-- Generated by org.testng.reporters.JUnitReportReporter -->
<testsuite skipped="0" hostname="DESKTOP-13SH4JS" name="com.crmSDETExcel.GetTheDataFromExcel" tests="1" failures="0" timestamp="2021-11-23T22:51:41 IST" time="3.803" errors="0">
  <testcase name="GetDataExcel" time="3.803" classname="com.crmSDETExcel.GetTheDataFromExcel"/>
  <system-out/>
</testsuite> <!-- com.crmSDETExcel.GetTheDataFromExcel -->
