<?xml version="1.0" encoding="UTF-8"?>
<!-- Generated by org.testng.reporters.JUnitReportReporter -->
<testsuite skipped="0" hostname="DESKTOP-13SH4JS" name="com.crmSDETExcel.GetTheDataFromExcel2" tests="1" failures="0" timestamp="2021-11-23T20:38:25 IST" time="1.307" errors="0">
  <testcase name="getData1" time="1.307" classname="com.crmSDETExcel.GetTheDataFromExcel2"/>
  <system-out/>
</testsuite> <!-- com.crmSDETExcel.GetTheDataFromExcel2 -->
