<?xml version="1.0" encoding="UTF-8"?>
<!-- Generated by org.testng.reporters.JUnitReportReporter -->
<testsuite skipped="0" hostname="DESKTOP-13SH4JS" name="com.crm.SDETXML.ReadFromTheXMLFile" tests="1" failures="0" timestamp="2021-11-26T14:29:09 IST" time="0.014" errors="0">
  <testcase name="fetchTheData" time="0.014" classname="com.crm.SDETXML.ReadFromTheXMLFile"/>
  <system-out/>
</testsuite> <!-- com.crm.SDETXML.ReadFromTheXMLFile -->
