<?xml version="1.0" encoding="UTF-8"?>
<!-- Generated by org.testng.reporters.JUnitReportReporter -->
<testsuite skipped="0" hostname="DESKTOP-13SH4JS" name="com.crmSDETExcel.ReadTheMultipleDataExcel" tests="1" failures="0" timestamp="2021-11-24T13:33:11 IST" time="1.274" errors="0">
  <testcase name="getMultipleData" time="1.274" classname="com.crmSDETExcel.ReadTheMultipleDataExcel"/>
  <system-out/>
</testsuite> <!-- com.crmSDETExcel.ReadTheMultipleDataExcel -->
