<?xml version="1.0" encoding="UTF-8"?>
<!-- Generated by org.testng.reporters.JUnitReportReporter -->
<testsuite skipped="0" hostname="DESKTOP-13SH4JS" name="com.crmSDETPOMPractice.CreateContactWithOrganisationTest" tests="1" failures="0" timestamp="2021-12-05T19:52:16 IST" time="42.335" errors="0">
  <testcase name="multipleTest" time="42.335" classname="com.crmSDETPOMPractice.CreateContactWithOrganisationTest"/>
  <system-out/>
</testsuite> <!-- com.crmSDETPOMPractice.CreateContactWithOrganisationTest -->
