<?xml version="1.0" encoding="UTF-8"?>
<!-- Generated by org.testng.reporters.JUnitReportReporter -->
<testsuite skipped="0" hostname="DESKTOP-13SH4JS" name="com.crmSDETPractice.createOrganizatiion" tests="1" failures="0" timestamp="2021-11-24T10:07:22 IST" time="40.126" errors="0">
  <testcase name="Organisation" time="40.126" classname="com.crmSDETPractice.createOrganizatiion"/>
  <system-out/>
</testsuite> <!-- com.crmSDETPractice.createOrganizatiion -->
