<?xml version="1.0" encoding="UTF-8"?>
<!-- Generated by org.testng.reporters.JUnitReportReporter -->
<testsuite skipped="0" hostname="DESKTOP-13SH4JS" name="com.crmSDETPOMPractice.CreateContactTest" tests="1" failures="0" timestamp="2021-12-05T19:52:16 IST" time="24.525" errors="0">
  <testcase name="createContact" time="24.525" classname="com.crmSDETPOMPractice.CreateContactTest"/>
  <system-out/>
</testsuite> <!-- com.crmSDETPOMPractice.CreateContactTest -->
