<?xml version="1.0" encoding="UTF-8"?>
<!-- Generated by org.testng.reporters.JUnitReportReporter -->
<testsuite skipped="0" hostname="DESKTOP-13SH4JS" name="com.crmSDETJSON.GetTheDataFromJasonFile" tests="1" failures="0" timestamp="2021-11-24T22:38:27 IST" time="0.027" errors="0">
  <testcase name="getData" time="0.027" classname="com.crmSDETJSON.GetTheDataFromJasonFile"/>
  <system-out/>
</testsuite> <!-- com.crmSDETJSON.GetTheDataFromJasonFile -->
