<?xml version="1.0" encoding="UTF-8"?>
<!-- Generated by org.testng.reporters.JUnitReportReporter -->
<testsuite skipped="0" hostname="DESKTOP-13SH4JS" name="com.crmSDETPractice.baseClass" tests="1" failures="0" timestamp="2021-11-21T12:29:00 IST" time="10.486" errors="0">
  <testcase name="Tc001" time="10.486" classname="com.crmSDETPractice.baseClass"/>
  <system-out/>
</testsuite> <!-- com.crmSDETPractice.baseClass -->
