<?xml version="1.0" encoding="UTF-8"?>
<!-- Generated by org.testng.reporters.JUnitReportReporter -->
<testsuite skipped="0" hostname="DESKTOP-13SH4JS" name="com.crmSDETPractice.createOrganisationAsEducation" tests="1" failures="0" timestamp="2021-11-24T10:11:12 IST" time="53.247" errors="0">
  <testcase name="createEducationOrganisation" time="53.247" classname="com.crmSDETPractice.createOrganisationAsEducation"/>
  <system-out/>
</testsuite> <!-- com.crmSDETPractice.createOrganisationAsEducation -->
