<?xml version="1.0" encoding="UTF-8"?>
<!-- Generated by org.testng.reporters.JUnitReportReporter -->
<testsuite skipped="0" hostname="DESKTOP-13SH4JS" name="com.crmSDETPOMPractice.CreateOrganizationTypeAsIndustry" tests="1" failures="0" timestamp="2021-12-05T19:52:16 IST" time="23.678" errors="0">
  <testcase name="createOrgTypeIndustry" time="23.678" classname="com.crmSDETPOMPractice.CreateOrganizationTypeAsIndustry"/>
  <system-out/>
</testsuite> <!-- com.crmSDETPOMPractice.CreateOrganizationTypeAsIndustry -->
