<?xml version="1.0" encoding="UTF-8"?>
<!-- Generated by org.testng.reporters.JUnitReportReporter -->
<testsuite skipped="0" hostname="DESKTOP-13SH4JS" name="com.comcastSDETTest.CreateOrganizationTest$CreateOrganizationTypeAsIndustry" tests="1" failures="0" timestamp="2021-12-05T19:43:18 IST" time="30.296" errors="0">
  <testcase name="createOrgTypeIndustry" time="30.296" classname="com.comcastSDETTest.CreateOrganizationTest$CreateOrganizationTypeAsIndustry"/>
  <system-out/>
</testsuite> <!-- com.comcastSDETTest.CreateOrganizationTest$CreateOrganizationTypeAsIndustry -->
