<?xml version="1.0" encoding="UTF-8"?>
<!-- Generated by org.testng.reporters.JUnitReportReporter -->
<testsuite skipped="0" hostname="DESKTOP-13SH4JS" name="com.crmSDETExcel.GetDataExcel" tests="1" failures="0" timestamp="2021-11-23T20:43:18 IST" time="1.104" errors="0">
  <testcase name="getData" time="1.104" classname="com.crmSDETExcel.GetDataExcel"/>
  <system-out/>
</testsuite> <!-- com.crmSDETExcel.GetDataExcel -->
